{"C:\\Users\\Shaan goswami\\OneDrive\\Desktop\\namstereact\\src\\components\\sum.js": {"path":"C:\\Users\\Shaan goswami\\OneDrive\\Desktop\\namstereact\\src\\components\\sum.js","statementMap":{"0":{"start":{"line":1,"column":10},"end":{"line":3,"column":1}},"1":{"start":{"line":2,"column":2},"end":{"line":2,"column":13}}},"fnMap":{"0":{"name":"(anonymous_0)","decl":{"start":{"line":1,"column":10},"end":{"line":1,"column":11}},"loc":{"start":{"line":1,"column":17},"end":{"line":3,"column":1}},"line":1}},"branchMap":{},"s":{"0":1,"1":1},"f":{"0":1},"b":{},"_coverageSchema":"1a1c01bbd47fc00a2c39e90264f33305004495a9","hash":"3ff1cf2813133df6a4d1184646b9c37d8ebf1fdb"}
}
